[2016-12-08 15:24:29] pho-sho.INFO: Url hit {"url":"http://localhost/","body":"","content-type":null,"method":"GET"} []
[2016-12-08 15:24:29] pho-sho.INFO: Url hit {"url":"http://localhost/ping","body":"","content-type":null,"method":"GET"} []
[2016-12-08 15:24:29] pho-sho.INFO: Url hit {"url":"http://localhost/reflection","body":"{\"greeting\":\"Hello, world!\"}","content-type":"application/json","method":"POST"} []
[2016-12-08 15:24:29] pho-sho.INFO: Url hit {"url":"http://localhost/posts","body":"{\"body\":\"Hello, world!\"}","content-type":"application/json","method":"POST"} []
[2016-12-08 15:24:30] pho-sho.INFO: Url hit {"url":"http://localhost/posts","body":"{\"body\":\"Hello, world!\"}","content-type":"application/json","method":"POST"} []
[2016-12-08 15:24:30] pho-sho.INFO: Url hit {"url":"http://localhost/post/6","body":"[]","content-type":"application/json","method":"GET"} []
[2016-12-08 15:24:30] pho-sho.INFO: Url hit {"url":"http://localhost/posts","body":"{\"body\":\"Hello, world!\"}","content-type":"application/json","method":"POST"} []
[2016-12-08 15:24:30] pho-sho.INFO: Url hit {"url":"http://localhost/post/7","body":"[]","content-type":"application/json","method":"DELETE"} []
[2016-12-08 15:24:30] pho-sho.INFO: Url hit {"url":"http://localhost/posts","body":"{\"body\":\"Hello, world!\"}","content-type":"application/json","method":"POST"} []
[2016-12-08 15:24:30] pho-sho.INFO: Url hit {"url":"http://localhost/post/8","body":"{\"body\":\"Jello, world!\"}","content-type":"application/json","method":"PUT"} []
[2016-12-08 15:24:42] pho-sho.INFO: Url hit {"url":"http://localhost/","body":"","content-type":null,"method":"GET"} []
[2016-12-08 15:24:42] pho-sho.INFO: Url hit {"url":"http://localhost/ping","body":"","content-type":null,"method":"GET"} []
[2016-12-08 15:24:42] pho-sho.INFO: Url hit {"url":"http://localhost/reflection","body":"{\"greeting\":\"Hello, world!\"}","content-type":"application/json","method":"POST"} []
[2016-12-08 15:24:42] pho-sho.INFO: Url hit {"url":"http://localhost/posts","body":"{\"body\":\"Hello, world!\"}","content-type":"application/json","method":"POST"} []
[2016-12-08 15:24:43] pho-sho.INFO: Url hit {"url":"http://localhost/posts","body":"{\"body\":\"Hello, world!\"}","content-type":"application/json","method":"POST"} []
[2016-12-08 15:24:43] pho-sho.INFO: Url hit {"url":"http://localhost/post/10","body":"[]","content-type":"application/json","method":"GET"} []
[2016-12-08 15:24:43] pho-sho.INFO: Url hit {"url":"http://localhost/posts","body":"{\"body\":\"Hello, world!\"}","content-type":"application/json","method":"POST"} []
[2016-12-08 15:24:43] pho-sho.INFO: Url hit {"url":"http://localhost/post/11","body":"[]","content-type":"application/json","method":"DELETE"} []
[2016-12-08 15:24:43] pho-sho.INFO: Url hit {"url":"http://localhost/posts","body":"{\"body\":\"Hello, world!\"}","content-type":"application/json","method":"POST"} []
[2016-12-08 15:24:43] pho-sho.INFO: Url hit {"url":"http://localhost/post/12","body":"{\"body\":\"Jello, world!\"}","content-type":"application/json","method":"PUT"} []
